<?xml version="1.0" encoding="UTF-8"?>
<!-- Generated by org.testng.reporters.JUnitXMLReporter -->
<testsuite ignored="0" hostname="Vishwanaths-MacBook-Air.local" failures="0" tests="3" name="Default test" time="20.152" errors="0" timestamp="2024-07-22T10:51:28 IST">
  <testcase classname="day_9.Day_9_2" name="Demo_1" time="5.69"/>
  <testcase classname="day_9.Day_9_2" name="Demo_2" time="0.575"/>
  <testcase classname="day_9.Day_9_2" name="Demo_3" time="0.591"/>
</testsuite> <!-- Default test -->
