<?xml version="1.0" encoding="UTF-8"?>
<testng-results ignored="0" total="1" passed="1" failed="0" skipped="0">
  <reporter-output>
  </reporter-output>
  <suite started-at="2024-07-24T10:23:24 IST" name="Default suite" finished-at="2024-07-24T10:23:31 IST" duration-ms="7065">
    <groups>
    </groups>
    <test started-at="2024-07-24T10:23:24 IST" name="Default test" finished-at="2024-07-24T10:23:31 IST" duration-ms="7065">
      <class name="day_10.day_10_ng">
        <test-method is-config="true" signature="beforeTest()[pri:0, instance:day_10.day_10_ng@17497425]" started-at="2024-07-24T10:23:24 IST" name="beforeTest" finished-at="2024-07-24T10:23:28 IST" duration-ms="4407" status="PASS">
          <reporter-output>
          </reporter-output>
        </test-method> <!-- beforeTest -->
        <test-method signature="demo_1()[pri:0, instance:day_10.day_10_ng@17497425]" started-at="2024-07-24T10:23:28 IST" name="demo_1" finished-at="2024-07-24T10:23:29 IST" duration-ms="862" status="PASS">
          <reporter-output>
          </reporter-output>
        </test-method> <!-- demo_1 -->
        <test-method is-config="true" signature="afterTest()[pri:0, instance:day_10.day_10_ng@17497425]" started-at="2024-07-24T10:23:29 IST" name="afterTest" finished-at="2024-07-24T10:23:31 IST" duration-ms="1776" status="PASS">
          <reporter-output>
          </reporter-output>
        </test-method> <!-- afterTest -->
      </class> <!-- day_10.day_10_ng -->
    </test> <!-- Default test -->
  </suite> <!-- Default suite -->
</testng-results>
